<?xml version="1.0" encoding="UTF-8"?>
<testng-results ignored="0" total="5" passed="5" failed="0" skipped="0">
  <reporter-output>
  </reporter-output>
  <suite started-at="2022-09-15T19:42:41 IST" name="Parallel" finished-at="2022-09-15T19:44:24 IST" duration-ms="103517">
    <groups>
    </groups>
    <test started-at="2022-09-15T19:42:41 IST" name="SingleTestEnv1" finished-at="2022-09-15T19:43:29 IST" duration-ms="47902">
      <class name="com.browserstack.SingleTest">
        <test-method is-config="true" signature="setUp(java.lang.String,java.lang.String)[pri:0, instance:com.browserstack.SingleTest@229f66ed]" started-at="2022-09-15T19:42:41 IST" name="setUp" finished-at="2022-09-15T19:42:48 IST" duration-ms="6827" status="PASS">
          <params>
            <param index="0">
              <value>
                <![CDATA[parallel.conf.json]]>
              </value>
            </param>
            <param index="1">
              <value>
                <![CDATA[env1]]>
              </value>
            </param>
          </params>
          <reporter-output>
          </reporter-output>
        </test-method> <!-- setUp -->
        <test-method signature="test()[pri:0, instance:com.browserstack.SingleTest@229f66ed]" started-at="2022-09-15T19:42:48 IST" name="test" finished-at="2022-09-15T19:43:29 IST" duration-ms="40942" status="PASS">
          <reporter-output>
          </reporter-output>
        </test-method> <!-- test -->
        <test-method is-config="true" signature="tearDown()[pri:0, instance:com.browserstack.SingleTest@229f66ed]" started-at="2022-09-15T19:43:29 IST" name="tearDown" finished-at="2022-09-15T19:43:29 IST" duration-ms="6" status="PASS">
          <reporter-output>
          </reporter-output>
        </test-method> <!-- tearDown -->
      </class> <!-- com.browserstack.SingleTest -->
    </test> <!-- SingleTestEnv1 -->
    <test started-at="2022-09-15T19:42:41 IST" name="SingleTestEnv3" finished-at="2022-09-15T19:43:32 IST" duration-ms="50781">
      <class name="com.browserstack.SingleTest">
        <test-method is-config="true" signature="setUp(java.lang.String,java.lang.String)[pri:0, instance:com.browserstack.SingleTest@33c911a1]" started-at="2022-09-15T19:42:41 IST" name="setUp" finished-at="2022-09-15T19:42:50 IST" duration-ms="8902" status="PASS">
          <params>
            <param index="0">
              <value>
                <![CDATA[parallel.conf.json]]>
              </value>
            </param>
            <param index="1">
              <value>
                <![CDATA[env3]]>
              </value>
            </param>
          </params>
          <reporter-output>
          </reporter-output>
        </test-method> <!-- setUp -->
        <test-method signature="test()[pri:0, instance:com.browserstack.SingleTest@33c911a1]" started-at="2022-09-15T19:42:50 IST" name="test" finished-at="2022-09-15T19:43:32 IST" duration-ms="41772" status="PASS">
          <reporter-output>
          </reporter-output>
        </test-method> <!-- test -->
        <test-method is-config="true" signature="tearDown()[pri:0, instance:com.browserstack.SingleTest@33c911a1]" started-at="2022-09-15T19:43:32 IST" name="tearDown" finished-at="2022-09-15T19:43:32 IST" duration-ms="6" status="PASS">
          <reporter-output>
          </reporter-output>
        </test-method> <!-- tearDown -->
      </class> <!-- com.browserstack.SingleTest -->
    </test> <!-- SingleTestEnv3 -->
    <test started-at="2022-09-15T19:42:41 IST" name="SingleTestEnv5" finished-at="2022-09-15T19:43:37 IST" duration-ms="56369">
      <class name="com.browserstack.SingleTest">
        <test-method is-config="true" signature="setUp(java.lang.String,java.lang.String)[pri:0, instance:com.browserstack.SingleTest@385e9564]" started-at="2022-09-15T19:42:41 IST" name="setUp" finished-at="2022-09-15T19:42:49 IST" duration-ms="7593" status="PASS">
          <params>
            <param index="0">
              <value>
                <![CDATA[parallel.conf.json]]>
              </value>
            </param>
            <param index="1">
              <value>
                <![CDATA[env5]]>
              </value>
            </param>
          </params>
          <reporter-output>
          </reporter-output>
        </test-method> <!-- setUp -->
        <test-method signature="test()[pri:0, instance:com.browserstack.SingleTest@385e9564]" started-at="2022-09-15T19:42:49 IST" name="test" finished-at="2022-09-15T19:43:37 IST" duration-ms="48701" status="PASS">
          <reporter-output>
          </reporter-output>
        </test-method> <!-- test -->
        <test-method is-config="true" signature="tearDown()[pri:0, instance:com.browserstack.SingleTest@385e9564]" started-at="2022-09-15T19:43:37 IST" name="tearDown" finished-at="2022-09-15T19:43:37 IST" duration-ms="1" status="PASS">
          <reporter-output>
          </reporter-output>
        </test-method> <!-- tearDown -->
      </class> <!-- com.browserstack.SingleTest -->
    </test> <!-- SingleTestEnv5 -->
    <test started-at="2022-09-15T19:42:41 IST" name="SingleTestEnv4" finished-at="2022-09-15T19:44:07 IST" duration-ms="86597">
      <class name="com.browserstack.SingleTest">
        <test-method is-config="true" signature="setUp(java.lang.String,java.lang.String)[pri:0, instance:com.browserstack.SingleTest@6a2f6f80]" started-at="2022-09-15T19:42:41 IST" name="setUp" finished-at="2022-09-15T19:42:49 IST" duration-ms="8065" status="PASS">
          <params>
            <param index="0">
              <value>
                <![CDATA[parallel.conf.json]]>
              </value>
            </param>
            <param index="1">
              <value>
                <![CDATA[env4]]>
              </value>
            </param>
          </params>
          <reporter-output>
          </reporter-output>
        </test-method> <!-- setUp -->
        <test-method signature="test()[pri:0, instance:com.browserstack.SingleTest@6a2f6f80]" started-at="2022-09-15T19:42:49 IST" name="test" finished-at="2022-09-15T19:44:07 IST" duration-ms="78427" status="PASS">
          <reporter-output>
          </reporter-output>
        </test-method> <!-- test -->
        <test-method is-config="true" signature="tearDown()[pri:0, instance:com.browserstack.SingleTest@6a2f6f80]" started-at="2022-09-15T19:44:07 IST" name="tearDown" finished-at="2022-09-15T19:44:07 IST" duration-ms="6" status="PASS">
          <reporter-output>
          </reporter-output>
        </test-method> <!-- tearDown -->
      </class> <!-- com.browserstack.SingleTest -->
    </test> <!-- SingleTestEnv4 -->
    <test started-at="2022-09-15T19:42:41 IST" name="SingleTestEnv2" finished-at="2022-09-15T19:44:24 IST" duration-ms="103500">
      <class name="com.browserstack.SingleTest">
        <test-method is-config="true" signature="setUp(java.lang.String,java.lang.String)[pri:0, instance:com.browserstack.SingleTest@394df057]" started-at="2022-09-15T19:42:41 IST" name="setUp" finished-at="2022-09-15T19:42:56 IST" duration-ms="15022" status="PASS">
          <params>
            <param index="0">
              <value>
                <![CDATA[parallel.conf.json]]>
              </value>
            </param>
            <param index="1">
              <value>
                <![CDATA[env2]]>
              </value>
            </param>
          </params>
          <reporter-output>
          </reporter-output>
        </test-method> <!-- setUp -->
        <test-method signature="test()[pri:0, instance:com.browserstack.SingleTest@394df057]" started-at="2022-09-15T19:42:56 IST" name="test" finished-at="2022-09-15T19:44:24 IST" duration-ms="88388" status="PASS">
          <reporter-output>
          </reporter-output>
        </test-method> <!-- test -->
        <test-method is-config="true" signature="tearDown()[pri:0, instance:com.browserstack.SingleTest@394df057]" started-at="2022-09-15T19:44:24 IST" name="tearDown" finished-at="2022-09-15T19:44:24 IST" duration-ms="6" status="PASS">
          <reporter-output>
          </reporter-output>
        </test-method> <!-- tearDown -->
      </class> <!-- com.browserstack.SingleTest -->
    </test> <!-- SingleTestEnv2 -->
  </suite> <!-- Parallel -->
</testng-results>
