<?xml version="1.0" encoding="UTF-8"?>
<testsuite name="TestSuite" time="32.774" tests="5" errors="0" skipped="0" failures="0">
  <properties>
[...]
</properties>
  <testcase name="test" classname="com.browserstack.SingleTest" time="32.774"/>
  <testcase name="test" classname="com.browserstack.SingleTest" time="35.669"/>
  <testcase name="test" classname="com.browserstack.SingleTest" time="41.273"/>
  <testcase name="test" classname="com.browserstack.SingleTest" time="71.483"/>
  <testcase name="test" classname="com.browserstack.SingleTest" time="88.401"/>
</testsuite>